<?xml version="1.0" encoding="UTF-8"?>
<beans xmlns="http://www.springframework.org/schema/beans" xmlns:xsi="http://www.w3.org/2001/XMLSchema-instance" xmlns:tx="http://www.springframework.org/schema/tx" xmlns:context="http://www.springframework.org/schema/context"
       xsi:schemaLocation="http://www.springframework.org/schema/context http://www.springframework.org/schema/context/spring-context-3.1.xsd
     http://www.springframework.org/schema/beans http://www.springframework.org/schema/beans/spring-beans-3.1.xsd

     http://www.springframework.org/schema/tx http://www.springframework.org/schema/tx/spring-tx-3.1.xsd"
       default-autowire="byName">
    <context:component-scan base-package="com.innstack"/>
    <context:annotation-config/>
    <context:property-placeholder location="classpath*:/walnuts.properties" ignore-resource-not-found="true" ignore-unresolvable="true"/>
    <!-- 单源 -->
    <bean id="jdbcTemplate" class="org.springframework.jdbc.core.JdbcTemplate">
        <property name="dataSource" ref="dataSource"/>
    </bean>
    <bean id="dataSource" class="org.apache.commons.dbcp.BasicDataSource" destroy-method="close">
        <property name="driverClassName" value="com.mysql.jdbc.Driver"></property>
        <property name="url" value="${ds1.jdbc.url}"/>
        <property name="username" value="${ds1.jdbc.username}"/>
        <property name="password" value="${ds1.jdbc.password}"/>
        <!-- 连接池启动时的初始值 -->
        <property name="initialSize" value="10"/>
        <!-- 连接池的最大值 -->
        <property name="maxActive" value="100"/>
        <!-- 最大空闲值.当经过一个高峰时间后，连接池可以慢慢将已经用不到的连接慢慢释放一部分，一直减少到maxIdle为止 -->
        <property name="maxIdle" value="50"/>
        <!-- 最小空闲值.当空闲的连接数少于阀值时，连接池就会预申请去一些连接，以免洪峰来时来不及申请 -->
        <property name="minIdle" value="10"/>
        <!--#给出一条简单的sql语句进行验证 -->
        <property name="validationQuery" value="select 2"/>
        <!--#在取出连接时进行有效验证 -->
        <property name="testOnBorrow" value="true"/>
        <property name="removeAbandonedTimeout" value="120"/>
        <property name="removeAbandoned" value="true"/>
        <!-- #运行判断连接超时任务的时间间隔，单位为毫秒，默认为-1，即不执行任务。 -->
        <property name="timeBetweenEvictionRunsMillis" value="3600000"/>
        <!-- #连接的超时时间，默认为半小时。 -->
        <property name="minEvictableIdleTimeMillis" value="3600000"/>
    </bean>

    <!-- 单一源 -->
    <bean id="transactionManager" class="org.springframework.jdbc.datasource.DataSourceTransactionManager">
        <property name="dataSource" ref="dataSource"/>
    </bean>
    <tx:annotation-driven transaction-manager="transactionManager"/>

    <!-- Activiti处理引擎的配置，交由Spring管理 -->
    <bean id="processEngineConfiguration" class="org.activiti.spring.SpringProcessEngineConfiguration">
        <!-- 配置数据源,和系统使用同一个数据源 -->
        <property name="dataSource" ref="dataSource"/>
        <property name="databaseSchemaUpdate" value="true"/>
        <property name="jobExecutorActivate" value="false"/>
        <!-- 统一的事务管理 -->
        <property name="transactionManager" ref="transactionManager"/>
        <property name="activityFontName" value="宋体"/>
        <property name="labelFontName" value="宋体"/>
    </bean>
    <bean id="processEngine" class="org.activiti.spring.ProcessEngineFactoryBean">
        <property name="processEngineConfiguration" ref="processEngineConfiguration"/>
    </bean>
</beans>
